This is XeTeX, Version 3.14159265-2.6-0.99991 (MiKTeX 2.9 64-bit) (preloaded format=xelatex 2016.3.18)  5 MAR 2018 13:01
entering extended mode
**RequirementDocumentRev1.tex
(RequirementDocumentRev1.tex
LaTeX2e <2014/05/01>
Babel <3.9l> and hyphenation patterns for 68 languages loaded.
("C:\Program Files\MiKTeX 2.9\tex\latex\base\article.cls"
Document Class: article 2014/09/29 v1.4h Standard LaTeX document class
("C:\Program Files\MiKTeX 2.9\tex\latex\base\size10.clo"
File: size10.clo 2014/09/29 v1.4h Standard LaTeX file (size option)
)
\c@part=\count80
\c@section=\count81
\c@subsection=\count82
\c@subsubsection=\count83
\c@paragraph=\count84
\c@subparagraph=\count85
\c@figure=\count86
\c@table=\count87
\abovecaptionskip=\skip41
\belowcaptionskip=\skip42
\bibindent=\dimen102
)
("C:\Program Files\MiKTeX 2.9\tex\latex\base\inputenc.sty"
Package: inputenc 2014/04/30 v1.2b Input encoding file
\inpenc@prehook=\toks14
\inpenc@posthook=\toks15


Package inputenc Warning: inputenc package ignored with utf8 based engines.

) ("C:\Program Files\MiKTeX 2.9\tex\latex\natbib\natbib.sty"
Package: natbib 2010/09/13 8.31b (PWD, AO)
\bibhang=\skip43
\bibsep=\skip44
LaTeX Info: Redefining \cite on input line 694.
\c@NAT@ctr=\count88
)
("C:\Program Files\MiKTeX 2.9\tex\latex\graphics\graphicx.sty"
Package: graphicx 2014/10/28 v1.0g Enhanced LaTeX Graphics (DPC,SPQR)

("C:\Program Files\MiKTeX 2.9\tex\latex\graphics\keyval.sty"
Package: keyval 2014/10/28 v1.15 key=value parser (DPC)
\KV@toks@=\toks16
)
("C:\Program Files\MiKTeX 2.9\tex\latex\graphics\graphics.sty"
Package: graphics 2014/10/28 v1.0p Standard LaTeX Graphics (DPC,SPQR)

("C:\Program Files\MiKTeX 2.9\tex\latex\graphics\trig.sty"
Package: trig 1999/03/16 v1.09 sin cos tan (DPC)
)
("C:\Program Files\MiKTeX 2.9\tex\latex\00miktex\graphics.cfg"
File: graphics.cfg 2007/01/18 v1.5 graphics configuration of teTeX/TeXLive
)
Package graphics Info: Driver file: xetex.def on input line 91.

("C:\Program Files\MiKTeX 2.9\tex\xelatex\xetex-def\xetex.def"
File: xetex.def 2014/07/25 v4.03 LaTeX color/graphics driver for XeTeX (RRM/JK)

))
\Gin@req@height=\dimen103
\Gin@req@width=\dimen104
)
("C:\Program Files\MiKTeX 2.9\tex\latex\geometry\geometry.sty"
Package: geometry 2010/09/12 v5.6 Page Geometry

("C:\Program Files\MiKTeX 2.9\tex\generic\oberdiek\ifpdf.sty"
Package: ifpdf 2011/01/30 v2.3 Provides the ifpdf switch (HO)
Package ifpdf Info: pdfTeX in PDF mode is not detected.
)
("C:\Program Files\MiKTeX 2.9\tex\generic\oberdiek\ifvtex.sty"
Package: ifvtex 2010/03/01 v1.5 Detect VTeX and its facilities (HO)
Package ifvtex Info: VTeX not detected.
)
("C:\Program Files\MiKTeX 2.9\tex\generic\ifxetex\ifxetex.sty"
Package: ifxetex 2010/09/12 v0.6 Provides ifxetex conditional
)
\Gm@cnth=\count89
\Gm@cntv=\count90
\c@Gm@tempcnt=\count91
\Gm@bindingoffset=\dimen105
\Gm@wd@mp=\dimen106
\Gm@odd@mp=\dimen107
\Gm@even@mp=\dimen108
\Gm@layoutwidth=\dimen109
\Gm@layoutheight=\dimen110
\Gm@layouthoffset=\dimen111
\Gm@layoutvoffset=\dimen112
\Gm@dimlist=\toks17

("C:\Program Files\MiKTeX 2.9\tex\xelatex\xetexconfig\geometry.cfg"))
("C:\Program Files\MiKTeX 2.9\tex\latex\hyperref\hyperref.sty"
Package: hyperref 2012/11/06 v6.83m Hypertext links for LaTeX

("C:\Program Files\MiKTeX 2.9\tex\generic\oberdiek\hobsub-hyperref.sty"
Package: hobsub-hyperref 2012/04/25 v1.12 Bundle oberdiek, subset hyperref (HO)


("C:\Program Files\MiKTeX 2.9\tex\generic\oberdiek\hobsub-generic.sty"
Package: hobsub-generic 2012/04/25 v1.12 Bundle oberdiek, subset generic (HO)
Package: hobsub 2012/04/25 v1.12 Construct package bundles (HO)
Package: infwarerr 2010/04/08 v1.3 Providing info/warning/error messages (HO)
Package: ltxcmds 2011/11/09 v1.22 LaTeX kernel commands for general use (HO)
Package: ifluatex 2010/03/01 v1.3 Provides the ifluatex switch (HO)
Package ifluatex Info: LuaTeX not detected.
Package hobsub Info: Skipping package `ifvtex' (already loaded).
Package: intcalc 2007/09/27 v1.1 Expandable calculations with integers (HO)
Package hobsub Info: Skipping package `ifpdf' (already loaded).
Package: etexcmds 2011/02/16 v1.5 Avoid name clashes with e-TeX commands (HO)
Package etexcmds Info: Could not find \expanded.
(etexcmds)             That can mean that you are not using pdfTeX 1.50 or
(etexcmds)             that some package has redefined \expanded.
(etexcmds)             In the latter case, load this package earlier.
Package: kvsetkeys 2012/04/25 v1.16 Key value parser (HO)
Package: kvdefinekeys 2011/04/07 v1.3 Define keys (HO)
Package: pdftexcmds 2011/11/29 v0.20 Utility functions of pdfTeX for LuaTeX (HO
)
Package pdftexcmds Info: LuaTeX not detected.
Package pdftexcmds Info: pdfTeX >= 1.30 not detected.
Package pdftexcmds Info: \pdf@primitive is available.
Package pdftexcmds Info: \pdf@ifprimitive is available.
Package pdftexcmds Info: \pdfdraftmode not found.
Package: pdfescape 2011/11/25 v1.13 Implements pdfTeX's escape features (HO)
Package: bigintcalc 2012/04/08 v1.3 Expandable calculations on big integers (HO
)
Package: bitset 2011/01/30 v1.1 Handle bit-vector datatype (HO)
Package: uniquecounter 2011/01/30 v1.2 Provide unlimited unique counter (HO)
)
Package hobsub Info: Skipping package `hobsub' (already loaded).
Package: letltxmacro 2010/09/02 v1.4 Let assignment for LaTeX macros (HO)
Package: hopatch 2011/06/24 v1.1 Wrapper for package hooks (HO)
Package: xcolor-patch 2011/01/30 xcolor patch
Package: atveryend 2011/06/30 v1.8 Hooks at the very end of document (HO)
Package atveryend Info: \enddocument detected (standard20110627).
Package: atbegshi 2011/10/05 v1.16 At begin shipout hook (HO)
Package: refcount 2011/10/16 v3.4 Data extraction from label references (HO)
Package: hycolor 2011/01/30 v1.7 Color options for hyperref/bookmark (HO)
)
("C:\Program Files\MiKTeX 2.9\tex\latex\oberdiek\auxhook.sty"
Package: auxhook 2011/03/04 v1.3 Hooks for auxiliary files (HO)
)
("C:\Program Files\MiKTeX 2.9\tex\latex\oberdiek\kvoptions.sty"
Package: kvoptions 2011/06/30 v3.11 Key value format for package options (HO)
)
\@linkdim=\dimen113
\Hy@linkcounter=\count92
\Hy@pagecounter=\count93

("C:\Program Files\MiKTeX 2.9\tex\latex\hyperref\pd1enc.def"
File: pd1enc.def 2012/11/06 v6.83m Hyperref: PDFDocEncoding definition (HO)
)
\Hy@SavedSpaceFactor=\count94

("C:\Program Files\MiKTeX 2.9\tex\latex\00miktex\hyperref.cfg"
File: hyperref.cfg 2002/06/06 v1.2 hyperref configuration of TeXLive
)
Package hyperref Info: Hyper figures OFF on input line 4443.
Package hyperref Info: Link nesting OFF on input line 4448.
Package hyperref Info: Hyper index ON on input line 4451.
Package hyperref Info: Plain pages OFF on input line 4458.
Package hyperref Info: Backreferencing OFF on input line 4463.
Package hyperref Info: Implicit mode ON; LaTeX internals redefined.
Package hyperref Info: Bookmarks ON on input line 4688.
\c@Hy@tempcnt=\count95

("C:\Program Files\MiKTeX 2.9\tex\latex\url\url.sty"
\Urlmuskip=\muskip10
Package: url 2013/09/16  ver 3.4  Verb mode for urls, etc.
)
LaTeX Info: Redefining \url on input line 5041.
\XeTeXLinkMargin=\dimen114
\Fld@menulength=\count96
\Field@Width=\dimen115
\Fld@charsize=\dimen116
Package hyperref Info: Hyper figures OFF on input line 6295.
Package hyperref Info: Link nesting OFF on input line 6300.
Package hyperref Info: Hyper index ON on input line 6303.
Package hyperref Info: backreferencing OFF on input line 6310.
Package hyperref Info: Link coloring OFF on input line 6315.
Package hyperref Info: Link coloring with OCG OFF on input line 6320.
Package hyperref Info: PDF/A mode OFF on input line 6325.
LaTeX Info: Redefining \ref on input line 6365.
LaTeX Info: Redefining \pageref on input line 6369.
\Hy@abspage=\count97
\c@Item=\count98
\c@Hfootnote=\count99
)

Package hyperref Message: Driver (autodetected): hxetex.

("C:\Program Files\MiKTeX 2.9\tex\latex\hyperref\hxetex.def"
File: hxetex.def 2012/11/06 v6.83m Hyperref driver for XeTeX

("C:\Program Files\MiKTeX 2.9\tex\latex\hyperref\puenc.def"
File: puenc.def 2012/11/06 v6.83m Hyperref: PDF Unicode definition (HO)
)
("C:\Program Files\MiKTeX 2.9\tex\generic\oberdiek\stringenc.sty"
Package: stringenc 2011/12/02 v1.10 Convert strings between diff. encodings (HO
)
)
\pdfm@box=\box26
\c@Hy@AnnotLevel=\count100
\HyField@AnnotCount=\count101
\Fld@listcount=\count102
\c@bookmark@seq@number=\count103

("C:\Program Files\MiKTeX 2.9\tex\latex\oberdiek\rerunfilecheck.sty"
Package: rerunfilecheck 2011/04/15 v1.7 Rerun checks for auxiliary files (HO)
Package rerunfilecheck Info: Feature \pdfmdfivesum is not available
(rerunfilecheck)             (e.g. pdfTeX or LuaTeX with package `pdftexcmds').

(rerunfilecheck)             Therefore file contents cannot be checked efficien
tly
(rerunfilecheck)             and the loading of the package is aborted.
)
\Hy@SectionHShift=\skip45
)
("C:\Program Files\MiKTeX 2.9\tex\latex\graphics\color.sty"
Package: color 2014/10/28 v1.1a Standard LaTeX Color (DPC)

("C:\Program Files\MiKTeX 2.9\tex\latex\00miktex\color.cfg"
File: color.cfg 2007/01/18 v1.5 color configuration of teTeX/TeXLive
)
Package color Info: Driver file: xetex.def on input line 137.
)
("C:\Program Files\MiKTeX 2.9\tex\latex\xcolor\xcolor.sty"
Package: xcolor 2007/01/21 v2.11 LaTeX color extensions (UK)

("C:\Program Files\MiKTeX 2.9\tex\latex\00miktex\color.cfg"
File: color.cfg 2007/01/18 v1.5 color configuration of teTeX/TeXLive
)
Package xcolor Info: Driver file: xetex.def on input line 225.

("C:\Program Files\MiKTeX 2.9\tex\latex\colortbl\colortbl.sty"
Package: colortbl 2012/02/13 v1.0a Color table columns (DPC)

("C:\Program Files\MiKTeX 2.9\tex\latex\tools\array.sty"
Package: array 2014/10/28 v2.4c Tabular extension package (FMi)
\col@sep=\dimen117
\extrarowheight=\dimen118
\NC@list=\toks18
\extratabsurround=\skip46
\backup@length=\skip47
)
\everycr=\toks19
\minrowclearance=\skip48
)
LaTeX Info: Redefining \color on input line 702.
\rownum=\count104
Package xcolor Info: Model `cmy' substituted by `cmy0' on input line 1337.
Package xcolor Info: Model `RGB' extended on input line 1353.
Package xcolor Info: Model `HTML' substituted by `rgb' on input line 1355.
Package xcolor Info: Model `Hsb' substituted by `hsb' on input line 1356.
Package xcolor Info: Model `tHsb' substituted by `hsb' on input line 1357.
Package xcolor Info: Model `HSB' substituted by `hsb' on input line 1358.
Package xcolor Info: Model `Gray' substituted by `gray' on input line 1359.
Package xcolor Info: Model `wave' substituted by `hsb' on input line 1360.
)
("C:\Program Files\MiKTeX 2.9\tex\latex\tools\longtable.sty"
Package: longtable 2014/10/28 v4.11 Multi-page Table package (DPC)
\LTleft=\skip49
\LTright=\skip50
\LTpre=\skip51
\LTpost=\skip52
\LTchunksize=\count105
\LTcapwidth=\dimen119
\LT@head=\box27
\LT@firsthead=\box28
\LT@foot=\box29
\LT@lastfoot=\box30
\LT@cols=\count106
\LT@rows=\count107
\c@LT@tables=\count108
\c@LT@chunks=\count109
\LT@p@ftn=\toks20
)
("C:\Program Files\MiKTeX 2.9\tex\latex\tools\tabularx.sty"
Package: tabularx 2014/10/28 v2.10 `tabularx' package (DPC)
\TX@col@width=\dimen120
\TX@old@table=\dimen121
\TX@old@col=\dimen122
\TX@target=\dimen123
\TX@delta=\dimen124
\TX@cols=\count110
\TX@ftn=\toks21
)
("C:\Program Files\MiKTeX 2.9\tex\latex\float\float.sty"
Package: float 2001/11/08 v1.3d Float enhancements (AL)
\c@float@type=\count111
\float@exts=\toks22
\float@box=\box31
\@float@everytoks=\toks23
\@floatcapt=\box32
)
("C:\Program Files\MiKTeX 2.9\tex\latex\base\fontenc.sty"
Package: fontenc 2005/09/27 v1.99g Standard LaTeX package

("C:\Program Files\MiKTeX 2.9\tex\latex\base\t1enc.def"
File: t1enc.def 2005/09/27 v1.99g Standard LaTeX file
LaTeX Font Info:    Redeclaring font encoding T1 on input line 43.
))
("C:\Program Files\MiKTeX 2.9\tex\latex\babel\babel.sty"
Package: babel 2014/09/25 3.9l The Babel package

*************************************
* Local config file bblopts.cfg used
*
("C:\Program Files\MiKTeX 2.9\tex\latex\00miktex\bblopts.cfg"
File: bblopts.cfg 2006/07/31 v1.0 MiKTeX 'babel' configuration
)
("C:\Program Files\MiKTeX 2.9\tex\latex\babel-english\english.ldf"
Language: english 2012/08/20 v3.3p English support from the babel system

("C:\Program Files\MiKTeX 2.9\tex\latex\babel\babel.def"
File: babel.def 2014/09/25 3.9l Babel common definitions
\babel@savecnt=\count112
\U@D=\dimen125

("C:\Program Files\MiKTeX 2.9\tex\latex\babel\xebabel.def"))
\l@canadian = a dialect from \language\l@american 
\l@australian = a dialect from \language\l@british 
\l@newzealand = a dialect from \language\l@british 
))
("C:\Program Files\MiKTeX 2.9\tex\latex\datetime\datetime.sty"
Package: datetime 2013/09/10 v2.59 Date Time Package

("C:\Program Files\MiKTeX 2.9\tex\latex\etoolbox\etoolbox.sty"
Package: etoolbox 2015/03/10 v2.1b e-TeX tools for LaTeX (JAW)

("C:\Program Files\MiKTeX 2.9\tex\latex\misc\etex.sty"
Package: etex 2015/03/02 v2.1 eTeX basic definition package (PEB,DPC)
\et@xins=\count113
)
\etb@tempcnta=\count114
)
("C:\Program Files\MiKTeX 2.9\tex\latex\fmtcount\fmtcount.sty"
Package: fmtcount 2014/07/18 v3.00

("C:\Program Files\MiKTeX 2.9\tex\latex\base\ifthen.sty"
Package: ifthen 2014/09/29 v1.1c Standard LaTeX ifthen package (DPC)
)
("C:\Program Files\MiKTeX 2.9\tex\latex\fmtcount\fcprefix.sty"
Package: fcprefix 2012/09/28

("C:\Program Files\MiKTeX 2.9\tex\latex\fmtcount\fcnumparser.sty"
Package: fcnumparser 2012/09/28
\fc@digit@counter=\count115
))
("C:\Program Files\MiKTeX 2.9\tex\latex\amsmath\amsgen.sty"
File: amsgen.sty 1999/11/30 v2.0
\@emptytoks=\toks24
\ex@=\dimen126
)
\c@padzeroesN=\count116
\fc@tmpcatcode=\count117
\@DT@modctr=\count118
\@ordinalctr=\count119
\@orgargctr=\count120
\@strctr=\count121
\@tmpstrctr=\count122
\@DT@loopN=\count123
\@DT@X=\count124

("C:\Program Files\MiKTeX 2.9\tex\latex\fmtcount\fc-english.def"
File: fc-english.def 2013/08/17
))
("C:\Program Files\MiKTeX 2.9\tex\latex\datetime\datetime-defaults.sty"
Package: datetime-defaults 2013/09/10
)
\@day=\count125
\@month=\count126
\@year=\count127
\c@HOUR=\count128
\c@HOURXII=\count129
\c@MINUTE=\count130
\c@TOHOUR=\count131
\c@TOMINUTE=\count132
\c@SECOND=\count133
\currenthour=\count134
\currentminute=\count135
\currentsecond=\count136
Package datetime Info: No datetime.cfg file found, using default settings on in
put line 308.
\@dtctr=\count137
\dayofyear=\count138
\dayofweek=\count139
LaTeX Info: Redefining \today on input line 736.

("C:\Program Files\MiKTeX 2.9\tex\latex\datetime\dt-USenglish.def"
File: dt-USenglish.def 2013/09/10
)
\dt@a=\toks25
\dt@b=\toks26
)
(RequirementDocumentRev1.aux)
LaTeX Font Info:    Checking defaults for OML/cmm/m/it on input line 19.
LaTeX Font Info:    ... okay on input line 19.
LaTeX Font Info:    Checking defaults for T1/cmr/m/n on input line 19.
LaTeX Font Info:    ... okay on input line 19.
LaTeX Font Info:    Checking defaults for OT1/cmr/m/n on input line 19.
LaTeX Font Info:    ... okay on input line 19.
LaTeX Font Info:    Checking defaults for OMS/cmsy/m/n on input line 19.
LaTeX Font Info:    ... okay on input line 19.
LaTeX Font Info:    Checking defaults for OMX/cmex/m/n on input line 19.
LaTeX Font Info:    ... okay on input line 19.
LaTeX Font Info:    Checking defaults for U/cmr/m/n on input line 19.
LaTeX Font Info:    ... okay on input line 19.
LaTeX Font Info:    Checking defaults for PD1/pdf/m/n on input line 19.
LaTeX Font Info:    ... okay on input line 19.
LaTeX Font Info:    Checking defaults for PU/pdf/m/n on input line 19.
LaTeX Font Info:    ... okay on input line 19.

*geometry* detected driver: pdftex
*geometry* verbose mode - [ preamble ] result:
* driver: pdftex
* paper: <default>
* layout: <same size as paper>
* layoutoffset:(h,v)=(0.0pt,0.0pt)
* modes: 
* h-part:(L,W,R)=(93.95122pt, 426.39256pt, 93.95122pt)
* v-part:(T,H,B)=(93.95122pt, 607.06755pt, 93.95122pt)
* \paperwidth=614.295pt
* \paperheight=794.96999pt
* \textwidth=426.39256pt
* \textheight=607.06755pt
* \oddsidemargin=21.68123pt
* \evensidemargin=21.68123pt
* \topmargin=-15.31877pt
* \headheight=12.0pt
* \headsep=25.0pt
* \topskip=10.0pt
* \footskip=30.0pt
* \marginparwidth=65.0pt
* \marginparsep=11.0pt
* \columnsep=10.0pt
* \skip\footins=9.0pt plus 4.0pt minus 2.0pt
* \hoffset=0.0pt
* \voffset=0.0pt
* \mag=1000
* \@twocolumnfalse
* \@twosidefalse
* \@mparswitchfalse
* \@reversemarginfalse
* (1in=72.27pt=25.4mm, 1cm=28.453pt)

\AtBeginShipoutBox=\box33
Package hyperref Info: Link coloring OFF on input line 19.
("C:\Program Files\MiKTeX 2.9\tex\latex\hyperref\nameref.sty"
Package: nameref 2012/10/27 v2.43 Cross-referencing by name of section

("C:\Program Files\MiKTeX 2.9\tex\generic\oberdiek\gettitlestring.sty"
Package: gettitlestring 2010/12/03 v1.4 Cleanup title references (HO)
)
\c@section@level=\count140
)
LaTeX Info: Redefining \ref on input line 19.
LaTeX Info: Redefining \pageref on input line 19.
LaTeX Info: Redefining \nameref on input line 19.

(RequirementDocumentRev1.out) (RequirementDocumentRev1.out)
\@outlinefile=\write3

("C:\Program Files\MiKTeX 2.9\tex\generic\oberdiek\se-ascii-print.def"
File: se-ascii-print.def 2011/12/02 v1.10 stringenc: Printable ASCII characters

)
[1

] (RequirementDocumentRev1.toc
LaTeX Font Info:    External font `cmex10' loaded for size
(Font)              <7> on input line 3.
LaTeX Font Info:    External font `cmex10' loaded for size
(Font)              <5> on input line 3.
 [2])
\tf@toc=\write4
 [3]
LaTeX Font Info:    Try loading font information for OMS+cmr on input line 54.

("C:\Program Files\MiKTeX 2.9\tex\latex\base\omscmr.fd"
File: omscmr.fd 2014/09/29 v2.5h Standard LaTeX font definitions
)
LaTeX Font Info:    Font shape `OMS/cmr/m/n' in size <10> not available
(Font)              Font shape `OMS/cmsy/m/n' tried instead on input line 54.
 [4] [5] [6]
Underfull \hbox (badness 10000) in paragraph at lines 135--136

 []

File: product-boundary.png Graphic file (type QTm)
<use  "product-boundary.png" >
Underfull \hbox (badness 10000) in paragraph at lines 137--138

 []


Overfull \hbox (32.02425pt too wide) in paragraph at lines 145--168
[] 
 []

[7]
Overfull \hbox (53.21352pt too wide) in paragraph at lines 171--189
[][] 
 []

[8] [9]
Overfull \hbox (1.89977pt too wide) in paragraph at lines 202--202
[]|[]| 
 []


Overfull \hbox (8.86668pt too wide) in paragraph at lines 196--205
[][] 
 []

Missing character: There is no ’ in font ecrm1000!
Missing character: There is no ’ in font ecrm1000!

Overfull \hbox (9.26668pt too wide) in paragraph at lines 210--221
[][] 
 []

Missing character: There is no ’ in font ecrm1000!
Missing character: There is no ’ in font ecrm1000!
Missing character: There is no ’ in font ecrm1000!

Overfull \hbox (2.84398pt too wide) in paragraph at lines 233--241
[]|[]| 
 []


Overfull \hbox (9.26668pt too wide) in paragraph at lines 227--244
[][] 
 []

[10]
Overfull \hbox (4.67686pt too wide) in paragraph at lines 257--261
[]|[]| 
 []


Overfull \hbox (9.26668pt too wide) in paragraph at lines 251--264
[][] 
 []

[11]
Missing character: There is no ’ in font ecrm1000!
Missing character: There is no ’ in font ecrm1000!
Missing character: There is no ’ in font ecrm1000!

Overfull \hbox (9.26668pt too wide) in paragraph at lines 270--282
[][] 
 []


Overfull \hbox (9.26668pt too wide) in paragraph at lines 286--300
[][] 
 []

[12]
Missing character: There is no ’ in font ecrm1000!

Overfull \hbox (9.26668pt too wide) in paragraph at lines 304--317
[][] 
 []


Overfull \hbox (1.34435pt too wide) in paragraph at lines 326--330
[]|[]| 
 []


Overfull \hbox (9.26668pt too wide) in paragraph at lines 320--333
[][] 
 []

[13]
Overfull \hbox (9.26668pt too wide) in paragraph at lines 336--349
[][] 
 []


Overfull \hbox (9.26668pt too wide) in paragraph at lines 352--364
[][] 
 []

[14]
Overfull \hbox (9.26668pt too wide) in paragraph at lines 368--381
[][] 
 []


Overfull \hbox (9.26668pt too wide) in paragraph at lines 385--398
[][] 
 []

[15]
Missing character: There is no “ in font ecrm1000!
Missing character: There is no ” in font ecrm1000!

Overfull \hbox (9.26668pt too wide) in paragraph at lines 401--414
[][] 
 []

Missing character: There is no “ in font ecrm1000!
Missing character: There is no ” in font ecrm1000!

Overfull \hbox (9.26668pt too wide) in paragraph at lines 418--431
[][] 
 []

[16]
Missing character: There is no ’ in font ecrm1000!

Overfull \hbox (9.26668pt too wide) in paragraph at lines 437--448
[][] 
 []

Missing character: There is no ’ in font ecrm1000!

Overfull \hbox (9.26668pt too wide) in paragraph at lines 451--462
[][] 
 []


Overfull \hbox (9.26668pt too wide) in paragraph at lines 465--478
[][] 
 []

[17]
Missing character: There is no ’ in font ecrm1000!
Missing character: There is no ’ in font ecrm1000!
Missing character: There is no ’ in font ecrm1000!

Overfull \hbox (9.26668pt too wide) in paragraph at lines 482--495
[][] 
 []

Missing character: There is no ’ in font ecrm1000!

Overfull \hbox (9.26668pt too wide) in paragraph at lines 498--512
[][] 
 []


Overfull \hbox (9.26668pt too wide) in paragraph at lines 515--530
[][] 
 []

[18]
Overfull \hbox (9.26668pt too wide) in paragraph at lines 535--548
[][] 
 []

Missing character: There is no “ in font ecrm1000!
Missing character: There is no ” in font ecrm1000!
Missing character: There is no “ in font ecrm1000!
Missing character: There is no ” in font ecrm1000!
Missing character: There is no “ in font ecrm1000!
Missing character: There is no ” in font ecrm1000!

Overfull \hbox (9.26668pt too wide) in paragraph at lines 552--566
[][] 
 []

[19]
Overfull \hbox (9.26668pt too wide) in paragraph at lines 570--582
[][] 
 []


Overfull \hbox (9.26668pt too wide) in paragraph at lines 586--598
[][] 
 []


Overfull \hbox (9.26668pt too wide) in paragraph at lines 602--614
[][] 
 []

[20]
Overfull \hbox (11.68228pt too wide) in paragraph at lines 624--629
[]|[]| 
 []


Overfull \hbox (9.26668pt too wide) in paragraph at lines 618--632
[][] 
 []


Overfull \hbox (9.26668pt too wide) in paragraph at lines 635--647
[][] 
 []

[21] [22]
Missing character: There is no ’ in font ecrm1000!
Missing character: There is no “ in font ecrm1000!
Missing character: There is no ” in font ecrm1000!

Overfull \hbox (22.39543pt too wide) in paragraph at lines 662--671
[][] 
 []

Missing character: There is no ’ in font ecrm1000!
Missing character: There is no “ in font ecrm1000!
Missing character: There is no ” in font ecrm1000!

Overfull \hbox (24.3394pt too wide) in paragraph at lines 674--684
[][] 
 []

Missing character: There is no ’ in font ecrm1000!
Missing character: There is no “ in font ecrm1000!
Missing character: There is no ” in font ecrm1000!

Overfull \hbox (24.3394pt too wide) in paragraph at lines 689--699
[][] 
 []

[23]
Overfull \hbox (24.3394pt too wide) in paragraph at lines 702--712
[][] 
 []


Overfull \hbox (24.3394pt too wide) in paragraph at lines 715--725
[][] 
 []

[24]
Overfull \hbox (24.3394pt too wide) in paragraph at lines 729--739
[][] 
 []

[25]
Overfull \hbox (24.3394pt too wide) in paragraph at lines 742--752
[][] 
 []


Overfull \hbox (24.3394pt too wide) in paragraph at lines 756--766
[][] 
 []

[26]
Overfull \hbox (24.3394pt too wide) in paragraph at lines 770--780
[][] 
 []


Overfull \hbox (24.3394pt too wide) in paragraph at lines 784--794
[][] 
 []

[27]
Overfull \hbox (24.3394pt too wide) in paragraph at lines 797--807
[][] 
 []


Overfull \hbox (24.3394pt too wide) in paragraph at lines 810--820
[][] 
 []

[28]
Overfull \hbox (24.3394pt too wide) in paragraph at lines 823--833
[][] 
 []


Overfull \hbox (24.3394pt too wide) in paragraph at lines 836--846
[][] 
 []

[29]
Overfull \hbox (24.3394pt too wide) in paragraph at lines 849--859
[][] 
 []


Overfull \hbox (24.3394pt too wide) in paragraph at lines 862--872
[][] 
 []

[30]
Missing character: There is no ’ in font ecrm1000!

Overfull \hbox (24.3394pt too wide) in paragraph at lines 875--885
[][] 
 []

Missing character: There is no ’ in font ecrm1000!
Missing character: There is no ’ in font ecrm1000!

Overfull \hbox (24.3394pt too wide) in paragraph at lines 889--899
[][] 
 []

[31]
Missing character: There is no ’ in font ecrm1000!
Missing character: There is no ’ in font ecrm1000!
Missing character: There is no ’ in font ecrm1000!

Overfull \hbox (24.3394pt too wide) in paragraph at lines 904--914
[][] 
 []


Overfull \hbox (24.3394pt too wide) in paragraph at lines 920--930
[][] 
 []

[32]
Missing character: There is no ’ in font ecrm1000!

Overfull \hbox (24.3394pt too wide) in paragraph at lines 934--944
[][] 
 []


Overfull \hbox (24.3394pt too wide) in paragraph at lines 948--958
[][] 
 []

[33]
Overfull \hbox (17.2578pt too wide) in paragraph at lines 965--975
[][] 
 []


Overfull \hbox (17.2578pt too wide) in paragraph at lines 981--991
[][] 
 []

[34]
Overfull \hbox (2.61346pt too wide) in paragraph at lines 1000--1000
[]|[]| 
 []


Overfull \hbox (17.2578pt too wide) in paragraph at lines 994--1004
[][] 
 []

Missing character: There is no “ in font ecrm1000!
Missing character: There is no ” in font ecrm1000!
Missing character: There is no “ in font ecrm1000!
Missing character: There is no ” in font ecrm1000!
Missing character: There is no “ in font ecrm1000!
Missing character: There is no ” in font ecrm1000!

Overfull \hbox (43.86241pt too wide) in paragraph at lines 1007--1017
[][] 
 []

[35]
Missing character: There is no “ in font ecrm1000!
Missing character: There is no ” in font ecrm1000!

Overfull \hbox (43.86241pt too wide) in paragraph at lines 1020--1031
[][] 
 []

[36]
Overfull \hbox (17.2578pt too wide) in paragraph at lines 1034--1044
[][] 
 []


Overfull \hbox (17.2578pt too wide) in paragraph at lines 1047--1057
[][] 
 []

[37]
Overfull \hbox (17.2578pt too wide) in paragraph at lines 1060--1070
[][] 
 []


Overfull \hbox (17.2578pt too wide) in paragraph at lines 1074--1084
[][] 
 []

[38]
Overfull \hbox (17.2578pt too wide) in paragraph at lines 1087--1097
[][] 
 []


Overfull \hbox (17.2578pt too wide) in paragraph at lines 1100--1110
[][] 
 []

[39]
Overfull \hbox (17.2578pt too wide) in paragraph at lines 1113--1123
[][] 
 []


Overfull \hbox (17.2578pt too wide) in paragraph at lines 1126--1136
[][] 
 []

[40]
Overfull \hbox (17.2578pt too wide) in paragraph at lines 1139--1149
[][] 
 []


Overfull \hbox (53.30455pt too wide) in paragraph at lines 1154--1164
[][] 
 []

[41]
Overfull \hbox (17.2578pt too wide) in paragraph at lines 1169--1179
[][] 
 []


Overfull \hbox (27.19981pt too wide) in paragraph at lines 1182--1192
[][] 
 []

[42]
Underfull \hbox (badness 1052) in paragraph at lines 1202--1202
[]|\T1/cmr/m/n/10 Require min-i-mum 6 Tracks for dif-fer-ent
 []


Overfull \hbox (21.11285pt too wide) in paragraph at lines 1197--1204
[][] 
 []


Overfull \hbox (8.66425pt too wide) in paragraph at lines 1207--1215
[][] 
 []

[43]
Overfull \hbox (26.83879pt too wide) in paragraph at lines 1221--1231
[][] 
 []


Overfull \hbox (26.83879pt too wide) in paragraph at lines 1235--1245
[][] 
 []

[44]
Overfull \hbox (26.83879pt too wide) in paragraph at lines 1250--1260
[][] 
 []


Overfull \hbox (83.29723pt too wide) in paragraph at lines 1264--1274
[][] 
 []

[45]
Overfull \hbox (83.29723pt too wide) in paragraph at lines 1277--1287
[][] 
 []


Overfull \hbox (27.75523pt too wide) in paragraph at lines 1290--1300
[][] 
 []

[46]
Overfull \hbox (26.83879pt too wide) in paragraph at lines 1304--1314
[][] 
 []

Missing character: There is no ’ in font ecrm1000!
Missing character: There is no ’ in font ecrm1000!

Overfull \hbox (38.30821pt too wide) in paragraph at lines 1319--1329
[][] 
 []

[47]
Overfull \hbox (26.83879pt too wide) in paragraph at lines 1333--1343
[][] 
 []


Overfull \hbox (26.83879pt too wide) in paragraph at lines 1347--1357
[][] 
 []

[48]
Overfull \hbox (26.83879pt too wide) in paragraph at lines 1361--1371
[][] 
 []


Overfull \hbox (26.83879pt too wide) in paragraph at lines 1375--1385
[][] 
 []

[49]
Overfull \hbox (26.83879pt too wide) in paragraph at lines 1389--1399
[][] 
 []


Overfull \hbox (26.83879pt too wide) in paragraph at lines 1403--1413
[][] 
 []

[50]
Overfull \hbox (17.2578pt too wide) in paragraph at lines 1417--1426
[][] 
 []

Missing character: There is no ’ in font ecrm1000!

Overfull \hbox (17.2578pt too wide) in paragraph at lines 1430--1439
[][] 
 []

[51]
Overfull \hbox (17.2578pt too wide) in paragraph at lines 1442--1451
[][] 
 []


Overfull \hbox (17.2578pt too wide) in paragraph at lines 1459--1468
[][] 
 []

[52]
Overfull \hbox (17.2578pt too wide) in paragraph at lines 1475--1484
[][] 
 []


Underfull \hbox (badness 10000) in paragraph at lines 1488--1489

 []

[53]
Missing character: There is no ’ in font ecrm1000!
 [54]
Missing character: There is no ’ in font ecrm1000!

Underfull \hbox (badness 10000) in paragraph at lines 1545--1548

 []

Package atveryend Info: Empty hook `BeforeClearDocument' on input line 1549.
[55]
Package atveryend Info: Empty hook `AfterLastShipout' on input line 1549.
 (RequirementDocumentRev1.aux)
Package atveryend Info: Empty hook `AtVeryEndDocument' on input line 1549.
Package atveryend Info: Empty hook `AtEndAfterFileList' on input line 1549.
Package atveryend Info: Empty hook `AtVeryVeryEnd' on input line 1549.
 ) 
Here is how much of TeX's memory you used:
 10984 strings out of 428790
 147806 string characters out of 3164815
 259782 words of memory out of 3000000
 14185 multiletter control sequences out of 15000+200000
 8622 words of font info for 21 fonts, out of 3000000 for 9000
 1096 hyphenation exceptions out of 8191
 41i,22n,45p,1086b,426s stack positions out of 5000i,500n,10000p,200000b,50000s

Output written on RequirementDocumentRev1.pdf (55 pages).
