\BOOKMARK [1][-]{section.1}{Purpose of the Project}{}% 1
\BOOKMARK [2][-]{subsection.1.1}{Background}{section.1}% 2
\BOOKMARK [2][-]{subsection.1.2}{Goals}{section.1}% 3
\BOOKMARK [1][-]{section.2}{Stakeholders}{}% 4
\BOOKMARK [2][-]{subsection.2.1}{Development Team}{section.2}% 5
\BOOKMARK [2][-]{subsection.2.2}{Instructor}{section.2}% 6
\BOOKMARK [2][-]{subsection.2.3}{Game Critics}{section.2}% 7
\BOOKMARK [2][-]{subsection.2.4}{User Participation}{section.2}% 8
\BOOKMARK [1][-]{section.3}{Mandated Constraints}{}% 9
\BOOKMARK [2][-]{subsection.3.1}{Solution Constraints}{section.3}% 10
\BOOKMARK [2][-]{subsection.3.2}{Implementation Environment of the Current System}{section.3}% 11
\BOOKMARK [2][-]{subsection.3.3}{Partner or Collaborative Applications}{section.3}% 12
\BOOKMARK [2][-]{subsection.3.4}{Off-the-Shelf Software}{section.3}% 13
\BOOKMARK [2][-]{subsection.3.5}{Schedule Constraints}{section.3}% 14
\BOOKMARK [2][-]{subsection.3.6}{Budget Constraints}{section.3}% 15
\BOOKMARK [1][-]{section.4}{Naming Conventions and Terminology}{}% 16
\BOOKMARK [1][-]{section.5}{Relevant Facts and Assumptions}{}% 17
\BOOKMARK [2][-]{subsection.5.1}{Relevant Facts}{section.5}% 18
\BOOKMARK [2][-]{subsection.5.2}{Assumptions}{section.5}% 19
\BOOKMARK [1][-]{section.6}{The Scope of the Work}{}% 20
\BOOKMARK [2][-]{subsection.6.1}{Existing Inspirations}{section.6}% 21
\BOOKMARK [2][-]{subsection.6.2}{Context of the Work}{section.6}% 22
\BOOKMARK [1][-]{section.7}{The Scope of the Product}{}% 23
\BOOKMARK [2][-]{subsection.7.1}{Product Boundary}{section.7}% 24
\BOOKMARK [2][-]{subsection.7.2}{Product Use Case \(PUC\) Table}{section.7}% 25
\BOOKMARK [2][-]{subsection.7.3}{Individual Product Use Cases\(PUCs\)}{section.7}% 26
\BOOKMARK [1][-]{section.8}{Functional Requirements}{}% 27
\BOOKMARK [2][-]{subsection.8.1}{Core Mechanic}{section.8}% 28
\BOOKMARK [2][-]{subsection.8.2}{Primary Gameplay Mode}{section.8}% 29
\BOOKMARK [2][-]{subsection.8.3}{Alternate Game Modes}{section.8}% 30
\BOOKMARK [1][-]{section.9}{Look and Feel Requirements}{}% 31
\BOOKMARK [2][-]{subsection.9.1}{Appearance Requirements}{section.9}% 32
\BOOKMARK [2][-]{subsection.9.2}{Style Requirements}{section.9}% 33
\BOOKMARK [2][-]{subsection.9.3}{Requisite Assets}{section.9}% 34
\BOOKMARK [3][-]{subsubsection.9.3.1}{Audio}{subsection.9.3}% 35
\BOOKMARK [3][-]{subsubsection.9.3.2}{Visual}{subsection.9.3}% 36
\BOOKMARK [1][-]{section.10}{Usability and Humanity Requirements}{}% 37
\BOOKMARK [2][-]{subsection.10.1}{Ease of Use Requirements}{section.10}% 38
\BOOKMARK [2][-]{subsection.10.2}{Personalization Requirements}{section.10}% 39
\BOOKMARK [2][-]{subsection.10.3}{Learning Requirements}{section.10}% 40
\BOOKMARK [2][-]{subsection.10.4}{Understandability and Politeness Requirements}{section.10}% 41
\BOOKMARK [2][-]{subsection.10.5}{Accessibility Requirements}{section.10}% 42
\BOOKMARK [1][-]{section.11}{Performance Requirements}{}% 43
\BOOKMARK [2][-]{subsection.11.1}{Speed and Latency Requirements}{section.11}% 44
\BOOKMARK [2][-]{subsection.11.2}{Precision or Accuracy Requirements}{section.11}% 45
\BOOKMARK [2][-]{subsection.11.3}{Reliability and Availability Requirements}{section.11}% 46
\BOOKMARK [2][-]{subsection.11.4}{Robustness or Fault Tolerance Requirements}{section.11}% 47
\BOOKMARK [2][-]{subsection.11.5}{Capacity Requirements}{section.11}% 48
\BOOKMARK [1][-]{section.12}{Scalability and Extensibility Requirements}{}% 49
\BOOKMARK [1][-]{section.13}{Longevity Requirements}{}% 50
\BOOKMARK [1][-]{section.14}{Cultural Requirements}{}% 51
\BOOKMARK [1][-]{section.15}{Legal Requirements}{}% 52
\BOOKMARK [1][-]{section.16}{Release Requirements}{}% 53
\BOOKMARK [1][-]{section.17}{Project Schedule}{}% 54
\BOOKMARK [1][-]{section.18}{Risks}{}% 55
\BOOKMARK [1][-]{section.19}{Costs}{}% 56
\BOOKMARK [1][-]{section.20}{User Documentation and Training}{}% 57
\BOOKMARK [1][-]{section.21}{Waiting List}{}% 58
\BOOKMARK [1][-]{section.22}{Ideas for Solution}{}% 59
