\BOOKMARK [1][-]{section.1}{Purpose\040of\040the\040Project}{}% 1
\BOOKMARK [2][-]{subsection.1.1}{Background}{section.1}% 2
\BOOKMARK [2][-]{subsection.1.2}{Goals}{section.1}% 3
\BOOKMARK [1][-]{section.2}{Stakeholders}{}% 4
\BOOKMARK [2][-]{subsection.2.1}{Development\040Team}{section.2}% 5
\BOOKMARK [2][-]{subsection.2.2}{Instructor}{section.2}% 6
\BOOKMARK [2][-]{subsection.2.3}{Game\040Critics}{section.2}% 7
\BOOKMARK [2][-]{subsection.2.4}{User\040Participation}{section.2}% 8
\BOOKMARK [1][-]{section.3}{Mandated\040Constraints}{}% 9
\BOOKMARK [2][-]{subsection.3.1}{Solution\040Constraints}{section.3}% 10
\BOOKMARK [2][-]{subsection.3.2}{Implementation\040Environment\040of\040the\040Current\040System}{section.3}% 11
\BOOKMARK [2][-]{subsection.3.3}{Partner\040or\040Collaborative\040Applications}{section.3}% 12
\BOOKMARK [2][-]{subsection.3.4}{Off-the-Shelf\040Software}{section.3}% 13
\BOOKMARK [2][-]{subsection.3.5}{Schedule\040Constraints}{section.3}% 14
\BOOKMARK [2][-]{subsection.3.6}{Budget\040Constraints}{section.3}% 15
\BOOKMARK [1][-]{section.4}{Naming\040Conventions\040and\040Terminology}{}% 16
\BOOKMARK [1][-]{section.5}{Relevant\040Facts\040and\040Assumptions}{}% 17
\BOOKMARK [2][-]{subsection.5.1}{Relevant\040Facts}{section.5}% 18
\BOOKMARK [2][-]{subsection.5.2}{Assumptions}{section.5}% 19
\BOOKMARK [1][-]{section.6}{The\040Scope\040of\040the\040Work}{}% 20
\BOOKMARK [2][-]{subsection.6.1}{Existing\040Inspirations}{section.6}% 21
\BOOKMARK [2][-]{subsection.6.2}{Context\040of\040the\040Work}{section.6}% 22
\BOOKMARK [1][-]{section.7}{The\040Scope\040of\040the\040Product}{}% 23
\BOOKMARK [2][-]{subsection.7.1}{Product\040Boundary}{section.7}% 24
\BOOKMARK [2][-]{subsection.7.2}{Product\040Use\040Case\040\(PUC\)\040Table}{section.7}% 25
\BOOKMARK [2][-]{subsection.7.3}{Individual\040Product\040Use\040Cases\(PUCs\)}{section.7}% 26
\BOOKMARK [1][-]{section.8}{Functional\040Requirements}{}% 27
\BOOKMARK [2][-]{subsection.8.1}{Core\040Mechanic}{section.8}% 28
\BOOKMARK [2][-]{subsection.8.2}{Primary\040Gameplay\040Mode}{section.8}% 29
\BOOKMARK [2][-]{subsection.8.3}{Alternate\040Game\040Modes}{section.8}% 30
\BOOKMARK [1][-]{section.9}{Look\040and\040Feel\040Requirements}{}% 31
\BOOKMARK [2][-]{subsection.9.1}{Appearance\040Requirements}{section.9}% 32
\BOOKMARK [2][-]{subsection.9.2}{Style\040Requirements}{section.9}% 33
\BOOKMARK [2][-]{subsection.9.3}{Requisite\040Assets}{section.9}% 34
\BOOKMARK [3][-]{subsubsection.9.3.1}{Audio}{subsection.9.3}% 35
\BOOKMARK [3][-]{subsubsection.9.3.2}{Visual}{subsection.9.3}% 36
\BOOKMARK [1][-]{section.10}{Usability\040and\040Humanity\040Requirements}{}% 37
\BOOKMARK [2][-]{subsection.10.1}{Ease\040of\040Use\040Requirements}{section.10}% 38
\BOOKMARK [2][-]{subsection.10.2}{Personalization\040Requirements}{section.10}% 39
\BOOKMARK [2][-]{subsection.10.3}{Learning\040Requirements}{section.10}% 40
\BOOKMARK [2][-]{subsection.10.4}{Understandability\040and\040Politeness\040Requirements}{section.10}% 41
\BOOKMARK [2][-]{subsection.10.5}{Accessibility\040Requirements}{section.10}% 42
\BOOKMARK [1][-]{section.11}{Performance\040Requirements}{}% 43
\BOOKMARK [2][-]{subsection.11.1}{Speed\040and\040Latency\040Requirements}{section.11}% 44
\BOOKMARK [2][-]{subsection.11.2}{Precision\040or\040Accuracy\040Requirements}{section.11}% 45
\BOOKMARK [2][-]{subsection.11.3}{Reliability\040and\040Availability\040Requirements}{section.11}% 46
\BOOKMARK [2][-]{subsection.11.4}{Robustness\040or\040Fault\040Tolerance\040Requirements}{section.11}% 47
\BOOKMARK [2][-]{subsection.11.5}{Capacity\040Requirements}{section.11}% 48
\BOOKMARK [1][-]{section.12}{Scalability\040and\040Extensibility\040Requirements}{}% 49
\BOOKMARK [1][-]{section.13}{Longevity\040Requirements}{}% 50
\BOOKMARK [1][-]{section.14}{Cultural\040Requirements}{}% 51
\BOOKMARK [1][-]{section.15}{Legal\040Requirements}{}% 52
\BOOKMARK [1][-]{section.16}{Release\040Requirements}{}% 53
\BOOKMARK [1][-]{section.17}{Security\040Requirement}{}% 54
\BOOKMARK [1][-]{section.18}{Project\040Schedule}{}% 55
\BOOKMARK [1][-]{section.19}{Risks}{}% 56
\BOOKMARK [1][-]{section.20}{Costs}{}% 57
\BOOKMARK [1][-]{section.21}{User\040Documentation\040and\040Training}{}% 58
\BOOKMARK [1][-]{section.22}{Waiting\040List}{}% 59
\BOOKMARK [1][-]{section.23}{Ideas\040for\040Solution}{}% 60
